<?xml version="1.0" encoding="UTF-8"?>
<!-- Generated by org.testng.reporters.JUnitReportReporter -->
<testsuite hostname="DESKTOP-79R0UBN" failures="0" tests="1" name="Scripts.Test3" time="0.001" errors="0" timestamp="2022-08-28T14:54:14 IST" skipped="0">
  <testcase classname="Scripts.Test3" name="test1" time="0.001"/>
  <system-out>
Hi Sujit  </system-out>
</testsuite> <!-- Scripts.Test3 -->
