<?xml version="1.0" encoding="UTF-8"?>
<!-- Generated by org.testng.reporters.JUnitReportReporter -->
<testsuite hostname="DESKTOP-79R0UBN" failures="0" tests="1" name="Scripts.Test4" time="0.005" errors="0" timestamp="2022-08-28T14:54:14 IST" skipped="0">
  <testcase classname="Scripts.Test4" name="test4" time="0.005"/>
  <system-out>
Hi there  </system-out>
</testsuite> <!-- Scripts.Test4 -->
