<?xml version="1.0" encoding="UTF-8"?>
<!-- Generated by org.testng.reporters.JUnitReportReporter -->
<testsuite hostname="DESKTOP-79R0UBN" failures="0" tests="1" name="Scripts.Test2" time="0.008" errors="0" timestamp="2022-08-28T14:17:45 IST" skipped="0">
  <testcase classname="Scripts.Test2" name="test1" time="0.008"/>
  <system-out>
Hi Happy  </system-out>
</testsuite> <!-- Scripts.Test2 -->
